2022-01-25 17:47:05,851 - root - INFO - main Iniciado
2022-01-25 17:47:06,056 - root - INFO - Contrato: 152532652
2022-01-25 17:47:06,452 - root - INFO - Not Updated Existente: 152532652
2022-01-25 17:47:06,477 - root - INFO - Contrato: 152515985
2022-01-25 17:47:06,892 - root - INFO - Not Updated Existente: 152515985
2022-01-25 17:47:06,892 - root - INFO - Contrato: 152466048
2022-01-25 17:47:07,262 - root - INFO - Not Updated Existente: 152466048
2022-01-25 17:47:07,262 - root - INFO - Contrato: 152516328
2022-01-25 17:47:07,680 - root - INFO - Not Updated Existente: 152516328
2022-01-25 17:47:07,681 - root - INFO - Contrato: 152535950
2022-01-25 17:47:08,071 - root - INFO - Not Updated Existente: 152535950
2022-01-25 17:47:08,072 - root - INFO - Contrato: 152518946
2022-01-25 17:47:08,498 - root - INFO - Not Updated Existente: 152518946
2022-01-25 17:47:08,516 - root - INFO - Contrato: 152522047
2022-01-25 17:47:08,946 - root - INFO - Not Updated Existente: 152522047
2022-01-25 17:47:08,946 - root - INFO - Contrato: 152468494
2022-01-25 17:47:09,371 - root - INFO - Not Updated Existente: 152468494
2022-01-25 17:47:09,412 - root - INFO - Contrato: 152522947
2022-01-25 17:47:09,828 - root - INFO - Not Updated Existente: 152522947
2022-01-25 17:47:09,870 - root - INFO - Contrato: 152528852
2022-01-25 17:47:10,156 - root - INFO - Not Updated Existente: 152528852
2022-01-25 17:47:10,156 - root - INFO - Contrato: 152518430
2022-01-25 17:47:10,473 - root - INFO - Not Updated Existente: 152518430
2022-01-25 17:47:10,474 - root - INFO - Contrato: 152539413
2022-01-25 17:47:10,780 - root - INFO - Not Updated Existente: 152539413
2022-01-25 17:47:10,780 - root - INFO - Contrato: 152533339
2022-01-25 17:47:11,211 - root - INFO - Not Updated Existente: 152533339
2022-01-25 17:47:11,211 - root - INFO - Contrato: 152548016
2022-01-25 17:47:11,671 - root - INFO - Not Updated Existente: 152548016
2022-01-25 17:47:11,672 - root - INFO - Contrato: 152549353
2022-01-25 17:47:12,074 - root - INFO - Not Updated Existente: 152549353
2022-01-25 17:47:12,075 - root - INFO - Contrato: 152540824
2022-01-25 17:47:12,441 - root - INFO - Not Updated Existente: 152540824
2022-01-25 17:47:12,442 - root - INFO - Contrato: 152558752
2022-01-25 17:47:12,884 - root - INFO - Not Updated Existente: 152558752
2022-01-25 17:47:12,884 - root - INFO - Contrato: 152558955
2022-01-25 17:47:13,282 - root - INFO - Not Updated Existente: 152558955
2022-01-25 17:47:13,282 - root - INFO - Contrato: 152564966
2022-01-25 17:47:13,629 - root - INFO - Not Updated Existente: 152564966
2022-01-25 17:47:13,629 - root - INFO - Contrato: 152566187
2022-01-25 17:47:13,962 - root - INFO - Not Updated Existente: 152566187
2022-01-25 17:47:13,962 - root - INFO - Contrato: 152519806
2022-01-25 17:47:14,301 - root - INFO - Not Updated Existente: 152519806
2022-01-25 17:47:14,301 - root - INFO - Contrato: 152521926
2022-01-25 17:47:14,753 - root - INFO - Not Updated Existente: 152521926
2022-01-25 17:47:14,754 - root - INFO - Contrato: 152521926
2022-01-25 17:47:15,167 - root - INFO - Not Updated Existente: 152521926
2022-01-25 17:47:15,167 - root - INFO - Contrato: 152544658
2022-01-25 17:47:15,510 - root - INFO - Not Updated Existente: 152544658
2022-01-25 17:47:15,510 - root - INFO - Contrato: 24580301
2022-01-25 17:47:15,926 - root - INFO - Not Updated Existente: 24580301
2022-01-25 17:47:15,926 - root - INFO - Contrato: 152550151
2022-01-25 17:47:16,342 - root - INFO - Not Updated Existente: 152550151
2022-01-25 17:47:16,342 - root - INFO - Contrato: 152583326
2022-01-25 17:47:16,631 - root - INFO - Not Updated Existente: 152583326
2022-01-25 17:47:16,631 - root - INFO - Contrato: 152584404
2022-01-25 17:47:17,025 - root - INFO - Not Updated Existente: 152584404
2022-01-25 17:47:17,025 - root - INFO - Contrato: 152548448
2022-01-25 17:47:17,432 - root - INFO - Not Updated Existente: 152548448
2022-01-25 17:47:17,432 - root - INFO - Contrato: 152536790
2022-01-25 17:47:17,776 - root - INFO - Not Updated Existente: 152536790
2022-01-25 17:47:17,776 - root - INFO - Contrato: 152575421
2022-01-25 17:47:18,126 - root - INFO - Not Updated Existente: 152575421
2022-01-25 17:47:18,126 - root - INFO - Contrato: 152550037
2022-01-25 17:47:18,515 - root - INFO - Not Updated Existente: 152550037
2022-01-25 17:47:18,516 - root - INFO - Contrato: 152561584
2022-01-25 17:47:19,006 - root - INFO - Not Updated Existente: 152561584
2022-01-25 17:47:19,007 - root - INFO - Contrato: 152578655
2022-01-25 17:47:19,402 - root - INFO - Not Updated Existente: 152578655
2022-01-25 17:47:19,402 - root - INFO - Contrato: 152579225
2022-01-25 17:47:19,819 - root - INFO - Not Updated Existente: 152579225
2022-01-25 17:47:19,820 - root - INFO - Contrato: 152584601
2022-01-25 17:47:20,244 - root - INFO - Not Updated Existente: 152584601
2022-01-25 17:47:20,245 - root - INFO - Contrato: 152591714
2022-01-25 17:47:20,601 - root - INFO - Not Updated Existente: 152591714
2022-01-25 17:47:20,601 - root - INFO - Contrato: 24638046
2022-01-25 17:47:21,024 - root - INFO - Not Updated Existente: 24638046
2022-01-25 17:47:21,024 - root - INFO - Contrato: 24637875
2022-01-25 17:47:21,431 - root - INFO - Not Updated Existente: 24637875
2022-01-25 17:47:21,432 - root - INFO - Contrato: 24602342
2022-01-25 17:47:21,784 - root - INFO - Not Updated Existente: 24602342
2022-01-25 17:47:21,785 - root - INFO - Contrato: 24602462
2022-01-25 17:47:22,174 - root - INFO - Not Updated Existente: 24602462
2022-01-25 17:47:22,174 - root - INFO - Contrato: 24566576
2022-01-25 17:47:22,464 - root - INFO - Not Updated Existente: 24566576
2022-01-25 17:47:22,464 - root - INFO - Contrato: 152603098
2022-01-25 17:47:22,826 - root - INFO - Not Updated Existente: 152603098
2022-01-25 17:47:22,827 - root - INFO - Contrato: 152603675
2022-01-25 17:47:23,258 - root - INFO - Not Updated Existente: 152603675
2022-01-25 17:47:23,258 - root - INFO - Contrato: 152600076
2022-01-25 17:47:23,506 - root - INFO - Not Updated Existente: 152600076
2022-01-25 17:47:23,506 - root - INFO - Contrato: 152608017
2022-01-25 17:47:23,873 - root - INFO - Not Updated Existente: 152608017
2022-01-25 17:47:23,873 - root - INFO - Contrato: 152617142
2022-01-25 17:47:24,140 - root - INFO - Not Updated Existente: 152617142
2022-01-25 17:47:24,140 - root - INFO - Contrato: 152615770
2022-01-25 17:47:24,444 - root - INFO - Not Updated Existente: 152615770
2022-01-25 17:47:24,444 - root - INFO - Contrato: 152608129
2022-01-25 17:47:24,981 - root - INFO - Not Updated Existente: 152608129
2022-01-25 17:47:24,982 - root - INFO - Contrato: 152600819
2022-01-25 17:47:25,263 - root - INFO - Not Updated Existente: 152600819
2022-01-25 17:47:25,263 - root - INFO - Contrato: 152622201
2022-01-25 17:47:25,594 - root - INFO - Not Updated Existente: 152622201
2022-01-25 17:47:25,594 - root - INFO - Contrato: 152531351
2022-01-25 17:47:25,890 - root - INFO - Not Updated Existente: 152531351
2022-01-25 17:47:25,891 - root - INFO - Contrato: 152526879
2022-01-25 17:47:26,167 - root - INFO - Not Updated Existente: 152526879
2022-01-25 17:47:26,167 - root - INFO - Contrato: 152615426
2022-01-25 17:47:26,526 - root - INFO - Not Updated Existente: 152615426
2022-01-25 17:47:26,526 - root - INFO - Contrato: 152616077
2022-01-25 17:47:26,864 - root - INFO - Not Updated Existente: 152616077
2022-01-25 17:47:26,865 - root - INFO - Contrato: 152622469
2022-01-25 17:47:27,190 - root - INFO - Not Updated Existente: 152622469
2022-01-25 17:47:27,190 - root - INFO - Contrato: 152519795
2022-01-25 17:47:27,474 - root - INFO - Not Updated Existente: 152519795
2022-01-25 17:47:27,475 - root - INFO - Contrato: 152541169
2022-01-25 17:47:27,778 - root - INFO - Not Updated Existente: 152541169
2022-01-25 17:47:27,778 - root - INFO - Contrato: 24653642
2022-01-25 17:47:28,026 - root - INFO - Not Updated Existente: 24653642
2022-01-25 17:47:28,026 - root - INFO - Contrato: 152554940
2022-01-25 17:47:28,292 - root - INFO - Not Updated Existente: 152554940
2022-01-25 17:47:28,292 - root - INFO - Contrato: 152564939
2022-01-25 17:47:28,671 - root - INFO - Not Updated Existente: 152564939
2022-01-25 17:47:28,671 - root - INFO - Contrato: 152575467
2022-01-25 17:47:29,020 - root - INFO - Not Updated Existente: 152575467
2022-01-25 17:47:29,021 - root - INFO - Contrato: 152579390
2022-01-25 17:47:29,305 - root - INFO - Not Updated Existente: 152579390
2022-01-25 17:47:29,305 - root - INFO - Contrato: 152608063 
2022-01-25 17:47:29,598 - root - INFO - Updated Não localizado: 152608063 
2022-01-25 17:47:29,598 - root - INFO - Contrato: 152632748
2022-01-25 17:47:29,889 - root - INFO - Not Updated Existente: 152632748
2022-01-25 17:47:29,889 - root - INFO - Contrato: 152629284
2022-01-25 17:47:30,265 - root - INFO - Not Updated Existente: 152629284
2022-01-25 17:47:30,265 - root - INFO - Contrato: 24637983
2022-01-25 17:47:30,525 - root - INFO - Not Updated Existente: 24637983
2022-01-25 17:47:30,525 - root - INFO - Contrato: 24660319
2022-01-25 17:47:30,874 - root - INFO - Not Updated Existente: 24660319
2022-01-25 17:47:30,875 - root - INFO - Contrato: 24656304
2022-01-25 17:47:31,126 - root - INFO - Not Updated Existente: 24656304
2022-01-25 17:47:31,127 - root - INFO - Contrato: 24666116
2022-01-25 17:47:31,579 - root - INFO - Not Updated Existente: 24666116
2022-01-25 17:47:31,579 - root - INFO - Contrato: 24670003
2022-01-25 17:47:32,096 - root - INFO - Not Updated Existente: 24670003
2022-01-25 17:47:32,097 - root - INFO - Contrato: 152652784
2022-01-25 17:47:32,359 - root - INFO - Not Updated Existente: 152652784
2022-01-25 17:47:32,359 - root - INFO - Contrato: 24678484
2022-01-25 17:47:32,656 - root - INFO - Not Updated Existente: 24678484
2022-01-25 17:47:32,657 - root - INFO - Contrato: 152637543
2022-01-25 17:47:33,178 - root - INFO - Not Updated Existente: 152637543
2022-01-25 17:47:33,178 - root - INFO - Contrato: 152649635
2022-01-25 17:47:33,499 - root - INFO - Not Updated Existente: 152649635
2022-01-25 17:47:33,499 - root - INFO - Contrato: 152656749
2022-01-25 17:47:33,820 - root - INFO - Not Updated Existente: 152656749
2022-01-25 17:47:33,820 - root - INFO - Contrato: 152657761
2022-01-25 17:47:34,316 - root - INFO - Not Updated Existente: 152657761
2022-01-25 17:47:34,316 - root - INFO - Contrato: 152647545
2022-01-25 17:47:34,721 - root - INFO - Not Updated Existente: 152647545
2022-01-25 17:47:34,721 - root - INFO - Contrato: 152640302
2022-01-25 17:47:34,962 - root - INFO - Not Updated Existente: 152640302
2022-01-25 17:47:34,963 - root - INFO - Contrato: 24686092
2022-01-25 17:47:35,287 - root - INFO - Not Updated Existente: 24686092
2022-01-25 17:47:35,287 - root - INFO - Contrato: 152647951
2022-01-25 17:47:35,638 - root - INFO - Not Updated Existente: 152647951
2022-01-25 17:47:35,639 - root - INFO - Contrato: 152644392
2022-01-25 17:47:35,911 - root - INFO - Not Updated Existente: 152644392
2022-01-25 17:47:35,912 - root - INFO - Contrato: 152658585
2022-01-25 17:47:36,283 - root - INFO - Not Updated Existente: 152658585
2022-01-25 17:47:36,283 - root - INFO - Contrato: 152662455
2022-01-25 17:47:36,574 - root - INFO - Not Updated Existente: 152662455
2022-01-25 17:47:36,575 - root - INFO - Contrato: 152662757
2022-01-25 17:47:36,813 - root - INFO - Not Updated Existente: 152662757
2022-01-25 17:47:36,813 - root - INFO - Contrato: 152668621
2022-01-25 17:47:37,116 - root - INFO - Not Updated Existente: 152668621
2022-01-25 17:47:37,117 - root - INFO - Contrato: 152645920
2022-01-25 17:47:37,354 - root - INFO - Not Updated Existente: 152645920
2022-01-25 17:47:37,355 - root - INFO - Contrato: 152660544
2022-01-25 17:47:37,625 - root - INFO - Not Updated Existente: 152660544
2022-01-25 17:47:37,625 - root - INFO - Contrato: 152663893
2022-01-25 17:47:38,018 - root - INFO - Not Updated Existente: 152663893
2022-01-25 17:47:38,018 - root - INFO - Contrato: 152664740
2022-01-25 17:47:38,333 - root - INFO - Not Updated Existente: 152664740
2022-01-25 17:47:38,333 - root - INFO - Contrato: 152671404
2022-01-25 17:47:38,756 - root - INFO - Not Updated Existente: 152671404
2022-01-25 17:47:38,756 - root - INFO - Contrato: 58020425
2022-01-25 17:47:39,075 - root - INFO - Not Updated Existente: 58020425
2022-01-25 17:47:39,075 - root - INFO - Contrato: 24703148
2022-01-25 17:47:39,356 - root - INFO - Not Updated Existente: 24703148
2022-01-25 17:47:39,356 - root - INFO - Contrato: 152659141
2022-01-25 17:47:39,639 - root - INFO - Not Updated Existente: 152659141
2022-01-25 17:47:39,640 - root - INFO - Contrato: 152691308
2022-01-25 17:47:40,013 - root - INFO - Not Updated Existente: 152691308
2022-01-25 17:47:40,013 - root - INFO - Contrato: 24717316
2022-01-25 17:47:40,434 - root - INFO - Not Updated Existente: 24717316
2022-01-25 17:47:40,435 - root - INFO - Contrato: 24678484
2022-01-25 17:47:40,688 - root - INFO - Not Updated Existente: 24678484
2022-01-25 17:47:40,690 - root - INFO - Contrato: 152663367
2022-01-25 17:47:41,156 - root - INFO - Not Updated Existente: 152663367
2022-01-25 17:47:41,157 - root - INFO - Contrato: 152666958
2022-01-25 17:47:41,501 - root - INFO - Not Updated Existente: 152666958
2022-01-25 17:47:41,501 - root - INFO - Contrato: 152670693
2022-01-25 17:47:41,757 - root - INFO - Not Updated Existente: 152670693
2022-01-25 17:47:41,757 - root - INFO - Contrato: 152676382
2022-01-25 17:47:42,078 - root - INFO - Not Updated Existente: 152676382
2022-01-25 17:47:42,079 - root - INFO - Contrato: 273591
2022-01-25 17:47:42,438 - root - INFO - Not Updated Existente: 273591
2022-01-25 17:47:42,438 - root - INFO - Contrato: 152689181
2022-01-25 17:47:42,829 - root - INFO - Not Updated Existente: 152689181
2022-01-25 17:47:42,829 - root - INFO - Contrato: 152693751
2022-01-25 17:47:43,132 - root - INFO - Not Updated Existente: 152693751
2022-01-25 17:47:43,132 - root - INFO - Contrato: 152682312
2022-01-25 17:47:43,504 - root - INFO - Not Updated Existente: 152682312
2022-01-25 17:47:43,505 - root - INFO - Contrato: 24573326
2022-01-25 17:47:43,886 - root - INFO - Not Updated Existente: 24573326
2022-01-25 17:47:43,887 - root - INFO - Contrato: 24606192
2022-01-25 17:47:44,213 - root - INFO - Not Updated Existente: 24606192
2022-01-25 17:47:44,213 - root - INFO - Contrato: 152654634
2022-01-25 17:47:44,619 - root - INFO - Not Updated Existente: 152654634
2022-01-25 17:47:44,619 - root - INFO - Contrato: 152648241
2022-01-25 17:47:45,020 - root - INFO - Not Updated Existente: 152648241
2022-01-25 17:47:45,020 - root - INFO - Contrato: 152676470
2022-01-25 17:47:45,401 - root - INFO - Not Updated Existente: 152676470
2022-01-25 17:47:45,401 - root - INFO - Contrato: 152706236
2022-01-25 17:47:45,864 - root - INFO - Not Updated Existente: 152706236
2022-01-25 17:47:45,864 - root - INFO - Contrato: 152705190
2022-01-25 17:47:46,121 - root - INFO - Not Updated Existente: 152705190
2022-01-25 17:47:46,122 - root - INFO - Contrato: 152702618
2022-01-25 17:47:46,407 - root - INFO - Not Updated Existente: 152702618
2022-01-25 17:47:46,407 - root - INFO - Contrato: 152670839
2022-01-25 17:47:46,674 - root - INFO - Not Updated Existente: 152670839
2022-01-25 17:47:46,674 - root - INFO - Contrato: 152660036
2022-01-25 17:47:46,991 - root - INFO - Not Updated Existente: 152660036
2022-01-25 17:47:46,992 - root - INFO - Contrato: 152676743
2022-01-25 17:47:47,400 - root - INFO - Not Updated Existente: 152676743
2022-01-25 17:47:47,400 - root - INFO - Contrato: 152677525
2022-01-25 17:47:47,677 - root - INFO - Not Updated Existente: 152677525
2022-01-25 17:47:47,677 - root - INFO - Contrato: 152681978
2022-01-25 17:47:47,977 - root - INFO - Not Updated Existente: 152681978
2022-01-25 17:47:47,977 - root - INFO - Contrato: 152702882
2022-01-25 17:47:48,317 - root - INFO - Not Updated Existente: 152702882
2022-01-25 17:47:48,318 - root - INFO - Contrato: 152689111
2022-01-25 17:47:48,675 - root - INFO - Not Updated Existente: 152689111
2022-01-25 17:47:48,675 - root - INFO - Contrato: 152683161
2022-01-25 17:47:49,110 - root - INFO - Not Updated Existente: 152683161
2022-01-25 17:47:49,111 - root - INFO - Contrato: 152689429
2022-01-25 17:47:49,395 - root - INFO - Not Updated Existente: 152689429
2022-01-25 17:47:49,396 - root - INFO - Contrato: 152710202
2022-01-25 17:47:49,748 - root - INFO - Not Updated Existente: 152710202
2022-01-25 17:47:49,748 - root - INFO - Contrato: 152702041
2022-01-25 17:47:50,055 - root - INFO - Not Updated Existente: 152702041
2022-01-25 17:47:50,055 - root - INFO - Contrato: 152703391
2022-01-25 17:47:50,425 - root - INFO - Not Updated Existente: 152703391
2022-01-25 17:47:50,425 - root - INFO - Contrato: 152660544
2022-01-25 17:47:50,840 - root - INFO - Not Updated Existente: 152660544
2022-01-25 17:47:50,840 - root - INFO - Contrato: 152693346
2022-01-25 17:47:51,161 - root - INFO - Not Updated Existente: 152693346
2022-01-25 17:47:51,161 - root - INFO - Contrato: 152696748
2022-01-25 17:47:51,487 - root - INFO - Not Updated Existente: 152696748
2022-01-25 17:47:51,488 - root - INFO - Contrato: 152703090
2022-01-25 17:47:51,797 - root - INFO - Not Updated Existente: 152703090
2022-01-25 17:47:51,798 - root - INFO - Contrato: 152707140
2022-01-25 17:47:52,199 - root - INFO - Not Updated Existente: 152707140
2022-01-25 17:47:52,199 - root - INFO - Contrato: 152709605
2022-01-25 17:47:52,488 - root - INFO - Not Updated Existente: 152709605
2022-01-25 17:47:52,489 - root - INFO - Contrato: 812748119
2022-01-25 17:47:52,874 - root - INFO - Not Updated Existente: 812748119
2022-01-25 17:47:52,875 - root - INFO - Contrato: 152731415
2022-01-25 17:47:53,152 - root - INFO - Not Updated Existente: 152731415
2022-01-25 17:47:53,152 - root - INFO - Contrato: 152724421
2022-01-25 17:47:53,474 - root - INFO - Not Updated Existente: 152724421
2022-01-25 17:47:53,474 - root - INFO - Contrato: 152725627
2022-01-25 17:47:53,773 - root - INFO - Not Updated Existente: 152725627
2022-01-25 17:47:53,774 - root - INFO - Contrato: 152739158
2022-01-25 17:47:54,228 - root - INFO - Not Updated Existente: 152739158
2022-01-25 17:47:54,228 - root - INFO - Contrato: 152721745
2022-01-25 17:47:54,508 - root - INFO - Not Updated Existente: 152721745
2022-01-25 17:47:54,509 - root - INFO - Contrato: 152720861
2022-01-25 17:47:54,917 - root - INFO - Not Updated Existente: 152720861
2022-01-25 17:47:54,917 - root - INFO - Contrato: 152720633
2022-01-25 17:47:55,373 - root - INFO - Not Updated Existente: 152720633
2022-01-25 17:47:55,373 - root - INFO - Contrato: 152720257
2022-01-25 17:47:55,757 - root - INFO - Not Updated Existente: 152720257
2022-01-25 17:47:55,757 - root - INFO - Contrato: 152724421
2022-01-25 17:47:56,087 - root - INFO - Not Updated Existente: 152724421
2022-01-25 17:47:56,087 - root - INFO - Contrato: 24736150
2022-01-25 17:47:56,427 - root - INFO - Not Updated Existente: 24736150
2022-01-25 17:47:56,428 - root - INFO - Contrato: 152739555
2022-01-25 17:47:56,803 - root - INFO - Not Updated Existente: 152739555
2022-01-25 17:47:56,804 - root - INFO - Contrato: 152723604
2022-01-25 17:47:57,217 - root - INFO - Not Updated Existente: 152723604
2022-01-25 17:47:57,218 - root - INFO - Contrato: 73525470
2022-01-25 17:47:57,499 - root - INFO - Not Updated Existente: 73525470
2022-01-25 17:47:57,499 - root - INFO - Contrato: 152702880
2022-01-25 17:47:57,794 - root - INFO - Not Updated Existente: 152702880
2022-01-25 17:47:57,794 - root - INFO - Contrato: 152718228
2022-01-25 17:47:58,081 - root - INFO - Not Updated Existente: 152718228
2022-01-25 17:47:58,082 - root - INFO - Contrato: 152734762
2022-01-25 17:47:58,656 - root - INFO - Not Updated Existente: 152734762
2022-01-25 17:47:58,656 - root - INFO - Contrato: 152734762
2022-01-25 17:47:58,988 - root - INFO - Not Updated Existente: 152734762
2022-01-25 17:47:58,988 - root - INFO - Contrato: 152739228
2022-01-25 17:47:59,359 - root - INFO - Not Updated Existente: 152739228
2022-01-25 17:47:59,359 - root - INFO - Contrato: 152743797
2022-01-25 17:47:59,614 - root - INFO - Not Updated Existente: 152743797
2022-01-25 17:47:59,615 - root - INFO - Contrato: 152743713
2022-01-25 17:47:59,935 - root - INFO - Not Updated Existente: 152743713
2022-01-25 17:47:59,935 - root - INFO - Contrato: 152750558
2022-01-25 17:48:00,235 - root - INFO - Not Updated Existente: 152750558
2022-01-25 17:48:00,236 - root - INFO - Contrato: 152767733
2022-01-25 17:48:00,618 - root - INFO - Not Updated Existente: 152767733
2022-01-25 17:48:00,619 - root - INFO - Contrato: 152748779
2022-01-25 17:48:01,028 - root - INFO - Not Updated Existente: 152748779
2022-01-25 17:48:01,029 - root - INFO - Contrato: 24762772 
2022-01-25 17:48:01,309 - root - INFO - Updated Não localizado: 24762772 
2022-01-25 17:48:01,309 - root - INFO - Contrato: 152737909
2022-01-25 17:48:01,715 - root - INFO - Not Updated Existente: 152737909
2022-01-25 17:48:01,715 - root - INFO - Contrato: 152745191
2022-01-25 17:48:02,100 - root - INFO - Not Updated Existente: 152745191
2022-01-25 17:48:02,100 - root - INFO - Contrato: 152753690
2022-01-25 17:48:02,408 - root - INFO - Not Updated Existente: 152753690
2022-01-25 17:48:02,408 - root - INFO - Contrato: 152767535
2022-01-25 17:48:02,738 - root - INFO - Not Updated Existente: 152767535
2022-01-25 17:48:02,738 - root - INFO - Contrato: 152771634
2022-01-25 17:48:03,040 - root - INFO - Not Updated Existente: 152771634
2022-01-25 17:48:03,040 - root - INFO - Contrato: 152777766
2022-01-25 17:48:03,324 - root - INFO - Not Updated Existente: 152777766
2022-01-25 17:48:03,324 - root - INFO - Contrato: 152705190
2022-01-25 17:48:03,626 - root - INFO - Not Updated Existente: 152705190
2022-01-25 17:48:03,626 - root - INFO - Contrato: 152750466
2022-01-25 17:48:04,109 - root - INFO - Not Updated Existente: 152750466
2022-01-25 17:48:04,110 - root - INFO - Contrato: 152762646
2022-01-25 17:48:04,493 - root - INFO - Not Updated Existente: 152762646
2022-01-25 17:48:04,493 - root - INFO - Contrato: 152772665
2022-01-25 17:48:04,833 - root - INFO - Not Updated Existente: 152772665
2022-01-25 17:48:04,833 - root - INFO - Contrato: 152777631
2022-01-25 17:48:05,209 - root - INFO - Not Updated Existente: 152777631
2022-01-25 17:48:05,209 - root - INFO - Contrato: 152774506
2022-01-25 17:48:05,500 - root - INFO - Not Updated Existente: 152774506
2022-01-25 17:48:05,501 - root - INFO - Contrato: 152797802
2022-01-25 17:48:05,803 - root - INFO - Not Updated Existente: 152797802
2022-01-25 17:48:05,803 - root - INFO - Contrato: 414541108
2022-01-25 17:48:06,204 - root - INFO - Not Updated Existente: 414541108
2022-01-25 17:48:06,204 - root - INFO - Contrato: 152581675
2022-01-25 17:48:06,571 - root - INFO - Not Updated Existente: 152581675
2022-01-25 17:48:06,571 - root - INFO - Contrato: 152629703
2022-01-25 17:48:06,884 - root - INFO - Not Updated Existente: 152629703
2022-01-25 17:48:06,885 - root - INFO - Contrato: 152743086
2022-01-25 17:48:07,285 - root - INFO - Not Updated Existente: 152743086
2022-01-25 17:48:07,285 - root - INFO - Contrato: 152629727
2022-01-25 17:48:07,617 - root - INFO - Not Updated Existente: 152629727
2022-01-25 17:48:07,618 - root - INFO - Contrato: 152749564
2022-01-25 17:48:07,912 - root - INFO - Not Updated Existente: 152749564
2022-01-25 17:48:07,912 - root - INFO - Contrato: 152763644
2022-01-25 17:48:08,176 - root - INFO - Not Updated Existente: 152763644
2022-01-25 17:48:08,177 - root - INFO - Contrato: 152765586 
2022-01-25 17:48:08,584 - root - INFO - Updated Não localizado: 152765586 
2022-01-25 17:48:08,585 - root - INFO - Contrato: 152654966
2022-01-25 17:48:08,890 - root - INFO - Not Updated Existente: 152654966
2022-01-25 17:48:08,890 - root - INFO - Contrato: 152803271 
2022-01-25 17:48:09,143 - root - INFO - Updated Não localizado: 152803271 
2022-01-25 17:48:09,143 - root - INFO - Contrato: 152781565 
2022-01-25 17:48:09,441 - root - INFO - Updated Não localizado: 152781565 
2022-01-25 17:48:09,442 - root - INFO - Contrato: 152802751
2022-01-25 17:48:09,886 - root - INFO - Not Updated Existente: 152802751
2022-01-25 17:48:09,886 - root - INFO - Contrato: 152750608
2022-01-25 17:48:10,315 - root - INFO - Not Updated Existente: 152750608
2022-01-25 17:48:10,315 - root - INFO - Contrato: 152764765
2022-01-25 17:48:10,589 - root - INFO - Not Updated Existente: 152764765
2022-01-25 17:48:10,589 - root - INFO - Contrato: 415185097
2022-01-25 17:48:10,858 - root - INFO - Not Updated Existente: 415185097
2022-01-25 17:48:10,859 - root - INFO - Contrato: 152781876
2022-01-25 17:48:11,134 - root - INFO - Not Updated Existente: 152781876
2022-01-25 17:48:11,134 - root - INFO - Contrato: 352826103
2022-01-25 17:48:11,413 - root - INFO - Not Updated Existente: 352826103
2022-01-25 17:48:11,413 - root - INFO - Contrato: 752825978
2022-01-25 17:48:11,695 - root - INFO - Not Updated Existente: 752825978
2022-01-25 17:48:11,695 - root - INFO - Contrato: 152816079
2022-01-25 17:48:11,979 - root - INFO - Not Updated Existente: 152816079
2022-01-25 17:48:11,980 - root - INFO - Contrato: 152822051
2022-01-25 17:48:12,245 - root - INFO - Not Updated Existente: 152822051
2022-01-25 17:48:12,246 - root - INFO - Contrato: 982064824
2022-01-25 17:48:12,642 - root - INFO - Not Updated Existente: 982064824
2022-01-25 17:48:12,643 - root - INFO - Contrato: 152838905
2022-01-25 17:48:13,001 - root - INFO - Not Updated Existente: 152838905
2022-01-25 17:48:13,002 - root - INFO - Contrato: 152643218
2022-01-25 17:48:13,271 - root - INFO - Not Updated Existente: 152643218
2022-01-25 17:48:13,271 - root - INFO - Contrato: 152732970
2022-01-25 17:48:13,650 - root - INFO - Not Updated Existente: 152732970
2022-01-25 17:48:13,651 - root - INFO - Contrato: 152830170
2022-01-25 17:48:13,920 - root - INFO - Not Updated Existente: 152830170
2022-01-25 17:48:13,921 - root - INFO - Contrato: 152830705
2022-01-25 17:48:14,210 - root - INFO - Not Updated Existente: 152830705
2022-01-25 17:48:14,210 - root - INFO - Contrato: 152838014
2022-01-25 17:48:14,555 - root - INFO - Not Updated Existente: 152838014
2022-01-25 17:48:14,555 - root - INFO - Contrato: 152838560 
2022-01-25 17:48:14,889 - root - INFO - Updated Não localizado: 152838560 
2022-01-25 17:48:14,890 - root - INFO - Contrato: 152784474
2022-01-25 17:48:15,251 - root - INFO - Not Updated Existente: 152784474
2022-01-25 17:48:15,251 - root - INFO - Contrato: 152838931
2022-01-25 17:48:15,563 - root - INFO - Not Updated Existente: 152838931
2022-01-25 17:48:15,564 - root - INFO - Contrato: 152785445
2022-01-25 17:48:15,867 - root - INFO - Not Updated Existente: 152785445
2022-01-25 17:48:15,868 - root - INFO - Contrato: 152790814
2022-01-25 17:48:16,219 - root - INFO - Not Updated Existente: 152790814
2022-01-25 17:48:16,219 - root - INFO - Contrato: 152786608
2022-01-25 17:48:16,629 - root - INFO - Not Updated Existente: 152786608
2022-01-25 17:48:16,630 - root - INFO - Contrato: 152787182
2022-01-25 17:48:16,957 - root - INFO - Not Updated Existente: 152787182
2022-01-25 17:48:16,957 - root - INFO - Contrato: 152801328
2022-01-25 17:48:17,375 - root - INFO - Not Updated Existente: 152801328
2022-01-25 17:48:17,376 - root - INFO - Contrato: 152803445
2022-01-25 17:48:17,814 - root - INFO - Not Updated Existente: 152803445
2022-01-25 17:48:17,815 - root - INFO - Contrato: 152815841
2022-01-25 17:48:18,204 - root - INFO - Not Updated Existente: 152815841
2022-01-25 17:48:18,204 - root - INFO - Contrato: 152815841
2022-01-25 17:48:18,462 - root - INFO - Not Updated Existente: 152815841
2022-01-25 17:48:18,462 - root - INFO - Contrato: 152818635
2022-01-25 17:48:18,757 - root - INFO - Not Updated Existente: 152818635
2022-01-25 17:48:18,757 - root - INFO - Contrato: 152842283 
2022-01-25 17:48:19,019 - root - INFO - Updated Não localizado: 152842283 
2022-01-25 17:48:19,019 - root - INFO - Contrato: 152826883
2022-01-25 17:48:19,322 - root - INFO - Not Updated Existente: 152826883
2022-01-25 17:48:19,323 - root - INFO - Contrato: 152826502
2022-01-25 17:48:19,604 - root - INFO - Not Updated Existente: 152826502
2022-01-25 17:48:19,605 - root - INFO - Contrato: 152841834
2022-01-25 17:48:20,035 - root - INFO - Not Updated Existente: 152841834
2022-01-25 17:48:20,035 - root - INFO - Contrato: 152842078
2022-01-25 17:48:20,426 - root - INFO - Not Updated Existente: 152842078
2022-01-25 17:48:20,426 - root - INFO - Contrato: 152843074
2022-01-25 17:48:20,683 - root - INFO - Not Updated Existente: 152843074
2022-01-25 17:48:20,683 - root - INFO - Contrato: 152838014 
2022-01-25 17:48:21,027 - root - INFO - Updated Não localizado: 152838014 
2022-01-25 17:48:21,028 - root - INFO - Contrato: 152528826
2022-01-25 17:48:21,324 - root - INFO - Not Updated Existente: 152528826
2022-01-25 17:48:21,325 - root - INFO - Contrato: 152604211
2022-01-25 17:48:21,678 - root - INFO - Not Updated Existente: 152604211
2022-01-25 17:48:21,678 - root - INFO - Contrato: 152628034
2022-01-25 17:48:21,991 - root - INFO - Not Updated Existente: 152628034
2022-01-25 17:48:21,993 - root - INFO - Contrato: 152648788
2022-01-25 17:48:22,355 - root - INFO - Not Updated Existente: 152648788
2022-01-25 17:48:22,355 - root - INFO - Contrato: 152642020
2022-01-25 17:48:22,652 - root - INFO - Not Updated Existente: 152642020
2022-01-25 17:48:22,653 - root - INFO - Contrato: 152644779
2022-01-25 17:48:22,997 - root - INFO - Not Updated Existente: 152644779
2022-01-25 17:48:22,998 - root - INFO - Contrato: 152660819
2022-01-25 17:48:23,278 - root - INFO - Not Updated Existente: 152660819
2022-01-25 17:48:23,279 - root - INFO - Contrato: 152669167
2022-01-25 17:48:23,554 - root - INFO - Not Updated Existente: 152669167
2022-01-25 17:48:23,554 - root - INFO - Contrato: 152697708
2022-01-25 17:48:23,851 - root - INFO - Not Updated Existente: 152697708
2022-01-25 17:48:23,852 - root - INFO - Contrato: 152713550
2022-01-25 17:48:24,249 - root - INFO - Not Updated Existente: 152713550
2022-01-25 17:48:24,250 - root - INFO - Contrato: 152724320
2022-01-25 17:48:24,663 - root - INFO - Not Updated Existente: 152724320
2022-01-25 17:48:24,663 - root - INFO - Contrato: 152777519
2022-01-25 17:48:25,117 - root - INFO - Not Updated Existente: 152777519
2022-01-25 17:48:25,117 - root - INFO - Contrato: 152788731
2022-01-25 17:48:25,429 - root - INFO - Not Updated Existente: 152788731
2022-01-25 17:48:25,430 - root - INFO - Contrato: 152792506
2022-01-25 17:48:25,701 - root - INFO - Not Updated Existente: 152792506
2022-01-25 17:48:25,701 - root - INFO - Contrato: 152789563
2022-01-25 17:48:26,095 - root - INFO - Not Updated Existente: 152789563
2022-01-25 17:48:26,095 - root - INFO - Contrato: 152798760
2022-01-25 17:48:26,709 - root - INFO - Not Updated Existente: 152798760
2022-01-25 17:48:26,709 - root - INFO - Contrato: 152819578
2022-01-25 17:48:27,022 - root - INFO - Not Updated Existente: 152819578
2022-01-25 17:48:27,022 - root - INFO - Contrato: 152831539
2022-01-25 17:48:27,450 - root - INFO - Not Updated Existente: 152831539
2022-01-25 17:48:27,450 - root - INFO - Contrato: 58048949
2022-01-25 17:48:27,697 - root - INFO - Not Updated Existente: 58048949
2022-01-25 17:48:27,697 - root - INFO - Contrato: 58049001
2022-01-25 17:48:28,014 - root - INFO - Not Updated Existente: 58049001
2022-01-25 17:48:28,014 - root - INFO - Contrato: 73480023
2022-01-25 17:48:28,329 - root - INFO - Not Updated Existente: 73480023
2022-01-25 17:48:28,329 - root - INFO - Contrato: 152722037
2022-01-25 17:48:28,855 - root - INFO - Not Updated Existente: 152722037
2022-01-25 17:48:28,855 - root - INFO - Contrato: 152727697
2022-01-25 17:48:29,261 - root - INFO - Not Updated Existente: 152727697
2022-01-25 17:48:29,261 - root - INFO - Contrato: 152729346
2022-01-25 17:48:29,596 - root - INFO - Not Updated Existente: 152729346
2022-01-25 17:48:29,596 - root - INFO - Contrato: 73515582
2022-01-25 17:48:29,962 - root - INFO - Not Updated Existente: 73515582
2022-01-25 17:48:29,962 - root - INFO - Contrato: 152747692
2022-01-25 17:48:30,324 - root - INFO - Not Updated Existente: 152747692
2022-01-25 17:48:30,324 - root - INFO - Contrato: 24768843
2022-01-25 17:48:30,671 - root - INFO - Not Updated Existente: 24768843
2022-01-25 17:48:30,672 - root - INFO - Contrato: 752847201
2022-01-25 17:48:30,937 - root - INFO - Not Updated Existente: 752847201
2022-01-25 17:48:30,937 - root - INFO - Contrato: 152847836
2022-01-25 17:48:31,252 - root - INFO - Not Updated Existente: 152847836
2022-01-25 17:48:31,253 - root - INFO - Contrato: 415385788
2022-01-25 17:48:31,637 - root - INFO - Not Updated Existente: 415385788
2022-01-25 17:48:31,637 - root - INFO - Contrato: 152777766
2022-01-25 17:48:31,969 - root - INFO - Not Updated Existente: 152777766
2022-01-25 17:48:31,970 - root - INFO - Contrato: 152834832
2022-01-25 17:48:32,250 - root - INFO - Not Updated Existente: 152834832
2022-01-25 17:48:32,251 - root - INFO - Contrato: 152839651
2022-01-25 17:48:32,555 - root - INFO - Not Updated Existente: 152839651
2022-01-25 17:48:32,556 - root - INFO - Contrato: 152840997
2022-01-25 17:48:32,802 - root - INFO - Not Updated Existente: 152840997
2022-01-25 17:48:32,802 - root - INFO - Contrato: 152854584
2022-01-25 17:48:33,105 - root - INFO - Not Updated Existente: 152854584
2022-01-25 17:48:33,106 - root - INFO - Contrato: 152786869
2022-01-25 17:48:33,515 - root - INFO - Not Updated Existente: 152786869
2022-01-25 17:48:33,516 - root - INFO - Contrato: 24762772  
2022-01-25 17:48:33,830 - root - INFO - Not Updated Existente: 24762772  
2022-01-25 17:48:33,830 - root - INFO - Contrato: 152819125
2022-01-25 17:48:34,343 - root - INFO - Not Updated Existente: 152819125
2022-01-25 17:48:34,343 - root - INFO - Contrato: 152816778 
2022-01-25 17:48:34,709 - root - INFO - Updated Não localizado: 152816778 
2022-01-25 17:48:34,709 - root - INFO - Contrato: 152877994
2022-01-25 17:48:35,089 - root - INFO - Not Updated Existente: 152877994
2022-01-25 17:48:35,089 - root - INFO - Contrato: 152885613
2022-01-25 17:48:35,673 - root - INFO - Not Updated Existente: 152885613
2022-01-25 17:48:35,674 - root - INFO - Contrato: 152869485
2022-01-25 17:48:36,029 - root - INFO - Not Updated Existente: 152869485
2022-01-25 17:48:36,029 - root - INFO - Contrato: 152874558
2022-01-25 17:48:36,410 - root - INFO - Not Updated Existente: 152874558
2022-01-25 17:48:36,410 - root - INFO - Contrato: 152660819
2022-01-25 17:48:36,767 - root - INFO - Not Updated Existente: 152660819
2022-01-25 17:48:36,767 - root - INFO - Contrato: 152880440
2022-01-25 17:48:37,180 - root - INFO - Not Updated Existente: 152880440
2022-01-25 17:48:37,180 - root - INFO - Contrato: 73615308
2022-01-25 17:48:37,512 - root - INFO - Not Updated Existente: 73615308
2022-01-25 17:48:37,513 - root - INFO - Contrato: 152884192
2022-01-25 17:48:37,842 - root - INFO - Not Updated Existente: 152884192
2022-01-25 17:48:37,842 - root - INFO - Contrato: 500319825
2022-01-25 17:48:38,294 - root - INFO - Not Updated Existente: 500319825
2022-01-25 17:48:38,295 - root - INFO - Contrato: 152874971
2022-01-25 17:48:38,584 - root - INFO - Not Updated Existente: 152874971
2022-01-25 17:48:38,585 - root - INFO - Contrato: 151547191
2022-01-25 17:48:38,888 - root - INFO - Not Updated Existente: 151547191
2022-01-25 17:48:38,888 - root - INFO - Contrato: 152883310
2022-01-25 17:48:39,366 - root - INFO - Not Updated Existente: 152883310
2022-01-25 17:48:39,367 - root - INFO - Contrato: 152900523
2022-01-25 17:48:39,765 - root - INFO - Not Updated Existente: 152900523
2022-01-25 17:48:39,766 - root - INFO - Contrato: 24825055
2022-01-25 17:48:40,283 - root - INFO - Not Updated Existente: 24825055
2022-01-25 17:48:40,284 - root - INFO - Contrato: 152652784
2022-01-25 17:48:40,604 - root - INFO - Not Updated Existente: 152652784
2022-01-25 17:48:40,605 - root - INFO - Contrato: 152886765
2022-01-25 17:48:40,866 - root - INFO - Not Updated Existente: 152886765
2022-01-25 17:48:40,866 - root - INFO - Contrato: 152854237
2022-01-25 17:48:41,142 - root - INFO - Not Updated Existente: 152854237
2022-01-25 17:48:41,143 - root - INFO - Contrato: 152778329
2022-01-25 17:48:41,603 - root - INFO - Not Updated Existente: 152778329
2022-01-25 17:48:41,604 - root - INFO - Contrato: 152801110
2022-01-25 17:48:42,005 - root - INFO - Not Updated Existente: 152801110
2022-01-25 17:48:42,006 - root - INFO - Contrato: 152912611
2022-01-25 17:48:42,310 - root - INFO - Not Updated Existente: 152912611
2022-01-25 17:48:42,311 - root - INFO - Contrato: 152808734   
2022-01-25 17:48:42,623 - root - INFO - Updated Não localizado: 152808734   
2022-01-25 17:48:42,624 - root - INFO - Contrato: 152839510
2022-01-25 17:48:42,940 - root - INFO - Not Updated Existente: 152839510
2022-01-25 17:48:42,940 - root - INFO - Contrato: 152882104
2022-01-25 17:48:43,276 - root - INFO - Not Updated Existente: 152882104
2022-01-25 17:48:43,277 - root - INFO - Contrato: 152905344 
2022-01-25 17:48:43,595 - root - INFO - Updated Não localizado: 152905344 
2022-01-25 17:48:43,596 - root - INFO - Contrato: 152845811
2022-01-25 17:48:43,998 - root - INFO - Not Updated Existente: 152845811
2022-01-25 17:48:43,999 - root - INFO - Contrato: 152858775
2022-01-25 17:48:44,281 - root - INFO - Not Updated Existente: 152858775
2022-01-25 17:48:44,282 - root - INFO - Contrato: 152876976
2022-01-25 17:48:44,702 - root - INFO - Not Updated Existente: 152876976
2022-01-25 17:48:44,702 - root - INFO - Contrato: 152885230
2022-01-25 17:48:45,025 - root - INFO - Not Updated Existente: 152885230
2022-01-25 17:48:45,025 - root - INFO - Contrato: 152876025
2022-01-25 17:48:45,336 - root - INFO - Not Updated Existente: 152876025
2022-01-25 17:48:45,336 - root - INFO - Contrato: 152876324
2022-01-25 17:48:45,667 - root - INFO - Not Updated Existente: 152876324
2022-01-25 17:48:45,667 - root - INFO - Contrato: 152909339
2022-01-25 17:48:46,031 - root - INFO - Not Updated Existente: 152909339
2022-01-25 17:48:46,031 - root - INFO - Contrato: 152890061
2022-01-25 17:48:46,340 - root - INFO - Not Updated Existente: 152890061
2022-01-25 17:48:46,341 - root - INFO - Contrato: 152895532
2022-01-25 17:48:46,665 - root - INFO - Not Updated Existente: 152895532
2022-01-25 17:48:46,665 - root - INFO - Contrato: 152906141
2022-01-25 17:48:47,230 - root - INFO - Not Updated Existente: 152906141
2022-01-25 17:48:47,230 - root - INFO - Contrato: 152899566
2022-01-25 17:48:47,485 - root - INFO - Not Updated Existente: 152899566
2022-01-25 17:48:47,485 - root - INFO - Contrato: 152909574
2022-01-25 17:48:47,738 - root - INFO - Not Updated Existente: 152909574
2022-01-25 17:48:47,739 - root - INFO - Contrato: 152904103
2022-01-25 17:48:48,057 - root - INFO - Not Updated Existente: 152904103
2022-01-25 17:48:48,058 - root - INFO - Contrato: 152918965
2022-01-25 17:48:48,429 - root - INFO - Not Updated Existente: 152918965
2022-01-25 17:48:48,429 - root - INFO - Contrato: 152905854
2022-01-25 17:48:48,781 - root - INFO - Not Updated Existente: 152905854
2022-01-25 17:48:48,781 - root - INFO - Contrato: 152924006
2022-01-25 17:48:49,033 - root - INFO - Not Updated Existente: 152924006
2022-01-25 17:48:49,034 - root - INFO - Contrato: 152921862
2022-01-25 17:48:49,402 - root - INFO - Not Updated Existente: 152921862
2022-01-25 17:48:49,402 - root - INFO - Contrato: 152915322
2022-01-25 17:48:49,979 - root - INFO - Not Updated Existente: 152915322
2022-01-25 17:48:49,979 - root - INFO - Contrato: 152915940
2022-01-25 17:48:50,245 - root - INFO - Not Updated Existente: 152915940
2022-01-25 17:48:50,246 - root - INFO - Contrato: 152921454
2022-01-25 17:48:50,598 - root - INFO - Not Updated Existente: 152921454
2022-01-25 17:48:50,598 - root - INFO - Contrato: 152924089
2022-01-25 17:48:50,850 - root - INFO - Not Updated Existente: 152924089
2022-01-25 17:48:50,851 - root - INFO - Contrato: 152806660
2022-01-25 17:48:51,130 - root - INFO - Not Updated Existente: 152806660
2022-01-25 17:48:51,130 - root - INFO - Contrato: 500326550
2022-01-25 17:48:51,552 - root - INFO - Not Updated Existente: 500326550
2022-01-25 17:48:51,553 - root - INFO - Contrato: 24853794
2022-01-25 17:48:51,939 - root - INFO - Not Updated Existente: 24853794
2022-01-25 17:48:51,939 - root - INFO - Contrato: 152920695
2022-01-25 17:48:52,374 - root - INFO - Not Updated Existente: 152920695
2022-01-25 17:48:52,374 - root - INFO - Contrato: 152934852
2022-01-25 17:48:52,900 - root - INFO - Not Updated Existente: 152934852
2022-01-25 17:48:52,900 - root - INFO - Contrato: 152936664
2022-01-25 17:48:53,344 - root - INFO - Not Updated Existente: 152936664
2022-01-25 17:48:53,345 - root - INFO - Contrato: 152528118
2022-01-25 17:48:53,714 - root - INFO - Not Updated Existente: 152528118
2022-01-25 17:48:53,714 - root - INFO - Contrato:  152951866
2022-01-25 17:48:53,991 - root - INFO - Not Updated Existente:  152951866
2022-01-25 17:48:53,991 - root - INFO - Contrato: 0
2022-01-25 17:48:54,277 - root - INFO - Not Updated Existente: 0
2022-01-25 17:48:54,278 - root - INFO - Contrato: 152930505
2022-01-25 17:48:54,654 - root - INFO - Not Updated Existente: 152930505
2022-01-25 17:48:54,654 - root - INFO - Contrato: 152936473	
2022-01-25 17:48:55,050 - root - INFO - Not Updated Existente: 152936473	
2022-01-25 17:48:55,050 - root - INFO - Contrato: 152921142
2022-01-25 17:48:55,382 - root - INFO - Not Updated Existente: 152921142
2022-01-25 17:48:55,382 - root - INFO - Contrato: 152927607
2022-01-25 17:48:55,711 - root - INFO - Not Updated Existente: 152927607
2022-01-25 17:48:55,711 - root - INFO - Contrato: 152958059	
2022-01-25 17:48:56,038 - root - INFO - Not Updated Existente: 152958059	
2022-01-25 17:48:56,038 - root - INFO - Contrato: 152936342
2022-01-25 17:48:56,468 - root - INFO - Not Updated Existente: 152936342
2022-01-25 17:48:56,469 - root - INFO - Contrato: 152934839
2022-01-25 17:48:56,867 - root - INFO - Not Updated Existente: 152934839
2022-01-25 17:48:56,868 - root - INFO - Contrato: 152944457
2022-01-25 17:48:57,191 - root - INFO - Not Updated Existente: 152944457
2022-01-25 17:48:57,191 - root - INFO - Contrato: 152937837
2022-01-25 17:48:57,474 - root - INFO - Not Updated Existente: 152937837
2022-01-25 17:48:57,474 - root - INFO - Contrato: 152934712
2022-01-25 17:48:57,830 - root - INFO - Not Updated Existente: 152934712
2022-01-25 17:48:57,830 - root - INFO - Contrato: 152931424
2022-01-25 17:48:58,209 - root - INFO - Not Updated Existente: 152931424
2022-01-25 17:48:58,210 - root - INFO - Contrato: 152238988
2022-01-25 17:48:58,612 - root - INFO - Not Updated Existente: 152238988
2022-01-25 17:48:58,612 - root - INFO - Contrato: 152001776
2022-01-25 17:48:58,927 - root - INFO - Not Updated Existente: 152001776
2022-01-25 17:48:58,928 - root - INFO - Contrato: 152946134
2022-01-25 17:48:59,423 - root - INFO - Not Updated Existente: 152946134
2022-01-25 17:48:59,423 - root - INFO - Contrato: 152949353
2022-01-25 17:48:59,775 - root - INFO - Not Updated Existente: 152949353
2022-01-25 17:48:59,775 - root - INFO - Contrato: 152952175
2022-01-25 17:49:00,035 - root - INFO - Not Updated Existente: 152952175
2022-01-25 17:49:00,035 - root - INFO - Contrato: 152952175
2022-01-25 17:49:00,449 - root - INFO - Not Updated Existente: 152952175
2022-01-25 17:49:00,450 - root - INFO - Contrato: 152909636
2022-01-25 17:49:00,774 - root - INFO - Not Updated Existente: 152909636
2022-01-25 17:49:00,775 - root - INFO - Contrato: 152920359
2022-01-25 17:49:01,300 - root - INFO - Not Updated Existente: 152920359
2022-01-25 17:49:01,300 - root - INFO - Contrato: 152930954
2022-01-25 17:49:01,711 - root - INFO - Not Updated Existente: 152930954
2022-01-25 17:49:01,711 - root - INFO - Contrato: 152931238
2022-01-25 17:49:02,108 - root - INFO - Not Updated Existente: 152931238
2022-01-25 17:49:02,108 - root - INFO - Contrato: 152960037
2022-01-25 17:49:02,405 - root - INFO - Not Updated Existente: 152960037
2022-01-25 17:49:02,406 - root - INFO - Contrato: 152959516
2022-01-25 17:49:02,675 - root - INFO - Not Updated Existente: 152959516
2022-01-25 17:49:02,675 - root - INFO - Contrato: 152792437
2022-01-25 17:49:02,959 - root - INFO - Not Updated Existente: 152792437
2022-01-25 17:49:02,959 - root - INFO - Contrato: 152900054
2022-01-25 17:49:03,258 - root - INFO - Not Updated Existente: 152900054
2022-01-25 17:49:03,258 - root - INFO - Contrato: 152940724
2022-01-25 17:49:03,534 - root - INFO - Not Updated Existente: 152940724
2022-01-25 17:49:03,534 - root - INFO - Contrato: 152959497
2022-01-25 17:49:03,903 - root - INFO - Not Updated Existente: 152959497
2022-01-25 17:49:03,904 - root - INFO - Contrato: 152962200
2022-01-25 17:49:04,358 - root - INFO - Not Updated Existente: 152962200
2022-01-25 17:49:04,358 - root - INFO - Contrato: 152901111
2022-01-25 17:49:04,853 - root - INFO - Not Updated Existente: 152901111
2022-01-25 17:49:04,853 - root - INFO - Contrato: 152901111
2022-01-25 17:49:05,159 - root - INFO - Not Updated Existente: 152901111
2022-01-25 17:49:05,159 - root - INFO - Contrato: 24871432
2022-01-25 17:49:05,681 - root - INFO - Not Updated Existente: 24871432
2022-01-25 17:49:05,682 - root - INFO - Contrato: 152931029
2022-01-25 17:49:05,942 - root - INFO - Not Updated Existente: 152931029
2022-01-25 17:49:05,943 - root - INFO - Contrato: 152971823
2022-01-25 17:49:06,268 - root - INFO - Not Updated Existente: 152971823
2022-01-25 17:49:06,268 - root - INFO - Contrato: 152120592
2022-01-25 17:49:06,628 - root - INFO - Not Updated Existente: 152120592
2022-01-25 17:49:06,629 - root - INFO - Contrato: 73709342
2022-01-25 17:49:06,997 - root - INFO - Not Updated Existente: 73709342
2022-01-25 17:49:06,997 - root - INFO - Contrato: 152976937
2022-01-25 17:49:07,244 - root - INFO - Not Updated Existente: 152976937
2022-01-25 17:49:07,244 - root - INFO - Contrato: 152850972
2022-01-25 17:49:07,584 - root - INFO - Not Updated Existente: 152850972
2022-01-25 17:49:07,584 - root - INFO - Contrato: 152970106
2022-01-25 17:49:08,144 - root - INFO - Not Updated Existente: 152970106
2022-01-25 17:49:08,144 - root - INFO - Contrato: 152969406
2022-01-25 17:49:08,527 - root - INFO - Not Updated Existente: 152969406
2022-01-25 17:49:08,528 - root - INFO - Contrato: 152969753
2022-01-25 17:49:08,864 - root - INFO - Not Updated Existente: 152969753
2022-01-25 17:49:08,865 - root - INFO - Contrato: 152981313
2022-01-25 17:49:09,239 - root - INFO - Not Updated Existente: 152981313
2022-01-25 17:49:09,239 - root - INFO - Contrato: 152973026
2022-01-25 17:49:09,549 - root - INFO - Not Updated Existente: 152973026
2022-01-25 17:49:09,549 - root - INFO - Contrato: 24878030
2022-01-25 17:49:09,823 - root - INFO - Not Updated Existente: 24878030
2022-01-25 17:49:09,823 - root - INFO - Contrato: 152967817
2022-01-25 17:49:10,104 - root - INFO - Not Updated Existente: 152967817
2022-01-25 17:49:10,104 - root - INFO - Contrato: 24877890
2022-01-25 17:49:10,591 - root - INFO - Not Updated Existente: 24877890
2022-01-25 17:49:10,592 - root - INFO - Contrato: 152968036
2022-01-25 17:49:10,872 - root - INFO - Not Updated Existente: 152968036
2022-01-25 17:49:10,873 - root - INFO - Contrato: 152972832
2022-01-25 17:49:11,264 - root - INFO - Not Updated Existente: 152972832
2022-01-25 17:49:11,265 - root - INFO - Contrato: 152841451
2022-01-25 17:49:11,635 - root - INFO - Not Updated Existente: 152841451
2022-01-25 17:49:11,636 - root - INFO - Contrato: 152968108
2022-01-25 17:49:12,024 - root - INFO - Updated Não localizado: 152968108
2022-01-25 17:49:12,024 - root - INFO - Contrato: 152986132	
2022-01-25 17:49:12,446 - root - INFO - Updated Não localizado: 152986132	
2022-01-25 17:49:12,446 - root - INFO - Finalizado - Cantidad Contratos: 358 - Cantidad Updates: 13
